c:\users\buruska\documents\bme\gpulabor\labor2\gpuproglab\labs\skeleton\skeleton\debug\vc142.pdb
c:\users\buruska\documents\bme\gpulabor\labor2\gpuproglab\labs\skeleton\skeleton\debug\vc142.idb
c:\users\buruska\documents\bme\gpulabor\labor2\gpuproglab\labs\skeleton\skeleton\debug\skeleton.obj
c:\users\buruska\documents\bme\gpulabor\labor2\gpuproglab\labs\skeleton\skeleton\debug\texture.obj
c:\users\buruska\documents\bme\gpulabor\labor2\gpuproglab\labs\skeleton\skeleton\debug\shader.obj
c:\users\buruska\documents\bme\gpulabor\labor2\gpuproglab\labs\skeleton\skeleton\debug\quad.obj
c:\users\buruska\documents\bme\gpulabor\labor2\gpuproglab\labs\skeleton\skeleton\debug\pointgrid.obj
c:\users\buruska\documents\bme\gpulabor\labor2\gpuproglab\labs\skeleton\skeleton\debug\opengltimer.obj
c:\users\buruska\documents\bme\gpulabor\labor2\gpuproglab\labs\skeleton\skeleton\debug\framebuffer.obj
c:\users\buruska\documents\bme\gpulabor\labor2\gpuproglab\labs\skeleton\skeleton\debug\debugopengl.obj
c:\users\buruska\documents\bme\gpulabor\labor2\gpuproglab\labs\skeleton\skeleton\debug\linestrip.obj
c:\users\buruska\documents\bme\gpulabor\labor2\gpuproglab\labs\skeleton\bin\skeleton.exe
c:\users\buruska\documents\bme\gpulabor\labor2\gpuproglab\labs\skeleton\bin\skeleton.ilk
c:\users\buruska\documents\bme\gpulabor\labor2\gpuproglab\labs\skeleton\bin\skeleton.pdb
c:\users\buruska\documents\bme\gpulabor\labor2\gpuproglab - masodik resz\labs\skeleton\skeleton\debug\debugopengl.obj
c:\users\buruska\documents\bme\gpulabor\labor2\gpuproglab - masodik resz\labs\skeleton\skeleton\debug\framebuffer.obj
c:\users\buruska\documents\bme\gpulabor\labor2\gpuproglab - masodik resz\labs\skeleton\skeleton\debug\linestrip.obj
c:\users\buruska\documents\bme\gpulabor\labor2\gpuproglab - masodik resz\labs\skeleton\skeleton\debug\opengltimer.obj
c:\users\buruska\documents\bme\gpulabor\labor2\gpuproglab - masodik resz\labs\skeleton\skeleton\debug\pointgrid.obj
c:\users\buruska\documents\bme\gpulabor\labor2\gpuproglab - masodik resz\labs\skeleton\skeleton\debug\quad.obj
c:\users\buruska\documents\bme\gpulabor\labor2\gpuproglab - masodik resz\labs\skeleton\skeleton\debug\shader.obj
c:\users\buruska\documents\bme\gpulabor\labor2\gpuproglab - masodik resz\labs\skeleton\skeleton\debug\skeleton.obj
c:\users\buruska\documents\bme\gpulabor\labor2\gpuproglab - masodik resz\labs\skeleton\skeleton\debug\texture.obj
c:\users\buruska\documents\bme\gpulabor\labor2\gpuproglab - masodik resz\labs\skeleton\skeleton\debug\vc142.idb
c:\users\buruska\documents\bme\gpulabor\labor2\gpuproglab - masodik resz\labs\skeleton\skeleton\debug\vc142.pdb
c:\users\buruska\documents\bme\gpulabor\labor2\gpuproglab - masodik resz\labs\skeleton\bin\skeleton.pdb
c:\users\buruska\documents\bme\gpulabor\labor2\gpuproglab - masodik resz\labs\skeleton\bin\skeleton.exe
c:\users\buruska\documents\bme\gpulabor\labor2\gpuproglab - masodik resz\labs\skeleton\bin\skeleton.ilk
c:\users\buruska\documents\bme\gpulabor\labor2\gpuproglab - masodik resz\labs\skeleton\skeleton\debug\skeleton.tlog\cl.command.1.tlog
c:\users\buruska\documents\bme\gpulabor\labor2\gpuproglab - masodik resz\labs\skeleton\skeleton\debug\skeleton.tlog\cl.read.1.tlog
c:\users\buruska\documents\bme\gpulabor\labor2\gpuproglab - masodik resz\labs\skeleton\skeleton\debug\skeleton.tlog\cl.write.1.tlog
c:\users\buruska\documents\bme\gpulabor\labor2\gpuproglab - masodik resz\labs\skeleton\skeleton\debug\skeleton.tlog\link.command.1.tlog
c:\users\buruska\documents\bme\gpulabor\labor2\gpuproglab - masodik resz\labs\skeleton\skeleton\debug\skeleton.tlog\link.read.1.tlog
c:\users\buruska\documents\bme\gpulabor\labor2\gpuproglab - masodik resz\labs\skeleton\skeleton\debug\skeleton.tlog\link.write.1.tlog
